c:\users\rpennings\home\git\openni2wrapper\build\rs2driver.dir\debug\vc141.pdb
c:\users\rpennings\home\git\openni2wrapper\build\rs2driver.dir\debug\rs2driver.obj
c:\users\rpennings\home\git\openni2wrapper\build\rs2driver.dir\debug\rs2deviceprops.obj
c:\users\rpennings\home\git\openni2wrapper\build\rs2driver.dir\debug\rs2device.obj
c:\users\rpennings\home\git\openni2wrapper\build\rs2driver.dir\debug\rs2streamprops.obj
c:\users\rpennings\home\git\openni2wrapper\build\rs2driver.dir\debug\rs2stream.obj
c:\users\rpennings\home\git\openni2wrapper\build\rs2driver.dir\debug\rs2base.obj
c:\users\rpennings\home\git\openni2wrapper\build\cmakefiles\generate.stamp
c:\users\rpennings\home\git\openni2wrapper\build\_out\debug\rs2driver.lib
c:\users\rpennings\home\git\openni2wrapper\build\_out\debug\rs2driver.exp
c:\users\rpennings\home\git\openni2wrapper\build\_out\debug\rs2driver.pdb
c:\users\rpennings\home\git\openni2wrapper\build\rs2driver.dir\debug\rs2driver.tlog\cl.command.1.tlog
c:\users\rpennings\home\git\openni2wrapper\build\rs2driver.dir\debug\rs2driver.tlog\cl.read.1.tlog
c:\users\rpennings\home\git\openni2wrapper\build\rs2driver.dir\debug\rs2driver.tlog\cl.write.1.tlog
c:\users\rpennings\home\git\openni2wrapper\build\rs2driver.dir\debug\rs2driver.tlog\custombuild.command.1.tlog
c:\users\rpennings\home\git\openni2wrapper\build\rs2driver.dir\debug\rs2driver.tlog\custombuild.read.1.tlog
c:\users\rpennings\home\git\openni2wrapper\build\rs2driver.dir\debug\rs2driver.tlog\custombuild.write.1.tlog
c:\users\rpennings\home\git\openni2wrapper\build\rs2driver.dir\debug\rs2driver.tlog\link.25528-cvtres.read.1.tlog
c:\users\rpennings\home\git\openni2wrapper\build\rs2driver.dir\debug\rs2driver.tlog\link.25528-cvtres.write.1.tlog
c:\users\rpennings\home\git\openni2wrapper\build\rs2driver.dir\debug\rs2driver.tlog\link.25528-rc.read.1.tlog
c:\users\rpennings\home\git\openni2wrapper\build\rs2driver.dir\debug\rs2driver.tlog\link.25528-rc.write.1.tlog
c:\users\rpennings\home\git\openni2wrapper\build\rs2driver.dir\debug\rs2driver.tlog\link.25528.read.1.tlog
c:\users\rpennings\home\git\openni2wrapper\build\rs2driver.dir\debug\rs2driver.tlog\link.25528.write.1.tlog
c:\users\rpennings\home\git\openni2wrapper\build\rs2driver.dir\debug\rs2driver.tlog\link.command.1.tlog
c:\users\rpennings\home\git\openni2wrapper\build\rs2driver.dir\debug\rs2driver.tlog\link.read.1.tlog
c:\users\rpennings\home\git\openni2wrapper\build\rs2driver.dir\debug\rs2driver.tlog\link.write.1.tlog
c:\users\rpennings\home\git\openni2wrapper\build\rs2driver.dir\debug\rs2driver.tlog\rs2driver.write.1u.tlog
